<?xml version="1.0" encoding="UTF-8"?>
<!-- Generated by org.testng.reporters.JUnitReportReporter -->
<testsuite hostname="DESKTOP-182DAJ6" failures="0" tests="17" name="com15dec.loginpage" time="8.781" errors="0" timestamp="2024-12-16T11:56:57 IST" skipped="16">
  <testcase classname="com15dec.loginpage" name="removeoneItemfrotwolist" time="8.781"/>
  <system-out/>
  <testcase classname="com15dec.loginpage" name="testremovefromcard">
    <skipped/>
  </testcase> <!-- testremovefromcard -->
  <system-out/>
  <testcase classname="com15dec.loginpage" name="verifycountf2">
    <skipped/>
  </testcase> <!-- verifycountf2 -->
  <system-out/>
  <testcase classname="com15dec.loginpage" name="selectoption">
    <skipped/>
  </testcase> <!-- selectoption -->
  <system-out/>
  <testcase classname="com15dec.loginpage" name="tesyweb">
    <skipped/>
  </testcase> <!-- tesyweb -->
  <system-out/>
  <testcase classname="com15dec.loginpage" name="highlow">
    <skipped/>
  </testcase> <!-- highlow -->
  <system-out/>
  <testcase classname="com15dec.loginpage" name="removeoneItemfrotwo">
    <skipped/>
  </testcase> <!-- removeoneItemfrotwo -->
  <system-out/>
  <testcase classname="com15dec.loginpage" name="checkall">
    <skipped/>
  </testcase> <!-- checkall -->
  <system-out/>
  <testcase classname="com15dec.loginpage" name="verifyitemcount">
    <skipped/>
  </testcase> <!-- verifyitemcount -->
  <system-out/>
  <testcase classname="com15dec.loginpage" name="addtwocard">
    <skipped/>
  </testcase> <!-- addtwocard -->
  <system-out/>
  <testcase classname="com15dec.loginpage" name="testlowhigh">
    <skipped/>
  </testcase> <!-- testlowhigh -->
  <system-out/>
  <testcase classname="com15dec.loginpage" name="invalidlogincredentials">
    <skipped/>
  </testcase> <!-- invalidlogincredentials -->
  <system-out/>
  <testcase classname="com15dec.loginpage" name="checkcontinueshopmenu">
    <skipped/>
  </testcase> <!-- checkcontinueshopmenu -->
  <system-out/>
  <testcase classname="com15dec.loginpage" name="checkoderztoA">
    <skipped/>
  </testcase> <!-- checkoderztoA -->
  <system-out/>
  <testcase classname="com15dec.loginpage" name="selectmenu">
    <skipped/>
  </testcase> <!-- selectmenu -->
  <system-out/>
  <testcase classname="com15dec.loginpage" name="checkdashboard">
    <skipped/>
  </testcase> <!-- checkdashboard -->
  <system-out/>
  <testcase classname="com15dec.loginpage" name="withoutvaluecredentials">
    <skipped/>
  </testcase> <!-- withoutvaluecredentials -->
  <system-out/>
</testsuite> <!-- com15dec.loginpage -->
